\BOOKMARK [1][-]{section.1}{Introduction}{}% 1
\BOOKMARK [1][-]{section.2}{Objectives}{}% 2
\BOOKMARK [2][-]{subsection.2.1}{Mandatory Criteria \205 Routing Tool}{section.2}% 3
\BOOKMARK [2][-]{subsection.2.2}{Mandatory Criteria \205 Administration Tool}{section.2}% 4
\BOOKMARK [2][-]{subsection.2.3}{Facultative Criteria \205 Routing Tool}{section.2}% 5
\BOOKMARK [2][-]{subsection.2.4}{Facultative Criteria \205 Administration Tool}{section.2}% 6
\BOOKMARK [2][-]{subsection.2.5}{Excluded Criteria \205 Routing Tool}{section.2}% 7
\BOOKMARK [2][-]{subsection.2.6}{Excluded Criteria \205 Administration Tool}{section.2}% 8
\BOOKMARK [1][-]{section.3}{Product Usage}{}% 9
\BOOKMARK [2][-]{subsection.3.1}{Routing}{section.3}% 10
\BOOKMARK [2][-]{subsection.3.2}{Administration Tool}{section.3}% 11
\BOOKMARK [1][-]{section.4}{Product Environment}{}% 12
\BOOKMARK [2][-]{subsection.4.1}{Environment for Mandatory Criteria}{section.4}% 13
\BOOKMARK [2][-]{subsection.4.2}{Environment for Facultative Criteria}{section.4}% 14
\BOOKMARK [1][-]{section.5}{Functional Requirements}{}% 15
\BOOKMARK [2][-]{subsection.5.1}{Main Functions}{section.5}% 16
\BOOKMARK [2][-]{subsection.5.2}{Facultative Functions}{section.5}% 17
\BOOKMARK [1][-]{section.6}{Nonfunctional Requirements}{}% 18
\BOOKMARK [2][-]{subsection.6.1}{Routing}{section.6}% 19
\BOOKMARK [2][-]{subsection.6.2}{Administration tool}{section.6}% 20
\BOOKMARK [1][-]{section.7}{Product Data}{}% 21
\BOOKMARK [2][-]{subsection.7.1}{Essential Data}{section.7}% 22
\BOOKMARK [2][-]{subsection.7.2}{Facultative Data}{section.7}% 23
\BOOKMARK [1][-]{section.8}{Global Test Cases and Scenarios}{}% 24
\BOOKMARK [2][-]{subsection.8.1}{Routing - Test cases}{section.8}% 25
\BOOKMARK [2][-]{subsection.8.2}{Administration tool - Test cases}{section.8}% 26
\BOOKMARK [2][-]{subsection.8.3}{Routing - Test scenarios}{section.8}% 27
\BOOKMARK [2][-]{subsection.8.4}{Administration tool - Test scenarios}{section.8}% 28
\BOOKMARK [1][-]{section.9}{System Model}{}% 29
\BOOKMARK [2][-]{subsection.9.1}{MVC-Modell}{section.9}% 30
\BOOKMARK [2][-]{subsection.9.2}{Use Case Diagram}{section.9}% 31
\BOOKMARK [2][-]{subsection.9.3}{Activitiy Diagrams}{section.9}% 32
\BOOKMARK [2][-]{subsection.9.4}{Graphical User Interface}{section.9}% 33
\BOOKMARK [1][-]{section.10}{Glossary}{}% 34
